<?xml version="1.0" encoding="UTF-8"?>
<testsuite failures="0" errors="0" skipped="0" tests="1" time="9.187922" name="Global Agent Hub User Portal">
<testcase classname="Global Agent Hub User Portal" name="Unnamed scenario" time="9.187922">
  <system-out>
    <![CDATA[2020-07-20 22:36:26 WARN Selenium [DEPRECATION] :driver_path is deprecated. Use :service with an instance of Selenium::WebDriver::Service instead.
]]>
  </system-out>
  <system-err>
    <![CDATA[]]>
  </system-err>
</testcase>
</testsuite>
